<?xml version="1.0" encoding="UTF-8"?>
<!-- Generated by org.testng.reporters.JUnitReportReporter -->
<testsuite hostname="CEI3080" failures="0" tests="1" name="demo.democlass" time="0.022" errors="0" timestamp="2023-06-29T16:54:08 IST" skipped="0">
  <testcase classname="demo.democlass" name="demotest" time="0.022"/>
</testsuite> <!-- demo.democlass -->
